[33mStarting up http-server, serving [39m[36m./demo-app[39m[33m
Available on:[39m
[32m  http://10.50.10.44:8080[39m
[32m  http://127.0.0.1:8080[39m
Hit CTRL-C to stop the server
events.js:160
      throw er; // Unhandled 'error' event
      ^

Error: EPERM: operation not permitted, read
    at Error (native)
[33mStarting up http-server, serving [39m[36m./demo-app[39m[33m
Available on:[39m
[32m  http://10.50.10.44:8080[39m
[32m  http://127.0.0.1:8080[39m
Hit CTRL-C to stop the server
events.js:160
      throw er; // Unhandled 'error' event
      ^

Error: EPERM: operation not permitted, read
    at Error (native)
[33mStarting up http-server, serving [39m[36m./demo-app[39m[33m
Available on:[39m
[32m  http://10.50.10.44:8080[39m
[32m  http://127.0.0.1:8080[39m
Hit CTRL-C to stop the server
events.js:160
      throw er; // Unhandled 'error' event
      ^

Error: EPERM: operation not permitted, read
    at Error (native)
[33mStarting up http-server, serving [39m[36m./demo-app[39m[33m
Available on:[39m
[32m  http://10.50.10.44:8080[39m
[32m  http://127.0.0.1:8080[39m
Hit CTRL-C to stop the server
events.js:160
      throw er; // Unhandled 'error' event
      ^

Error: EPERM: operation not permitted, read
    at Error (native)
[33mStarting up http-server, serving [39m[36m./demo-app[39m[33m
Available on:[39m
[32m  http://10.50.10.44:8080[39m
[32m  http://127.0.0.1:8080[39m
Hit CTRL-C to stop the server
events.js:160
      throw er; // Unhandled 'error' event
      ^

Error: EPERM: operation not permitted, read
    at Error (native)
[33mStarting up http-server, serving [39m[36m./demo-app[39m[33m
Available on:[39m
[32m  http://10.50.10.44:8080[39m
[32m  http://127.0.0.1:8080[39m
Hit CTRL-C to stop the server
events.js:160
      throw er; // Unhandled 'error' event
      ^

Error: EPERM: operation not permitted, read
    at Error (native)
[33mStarting up http-server, serving [39m[36m./demo-app[39m[33m
Available on:[39m
[32m  http://10.50.10.44:8080[39m
[32m  http://127.0.0.1:8080[39m
Hit CTRL-C to stop the server
events.js:160
      throw er; // Unhandled 'error' event
      ^

Error: EPERM: operation not permitted, read
    at Error (native)
[33mStarting up http-server, serving [39m[36m./demo-app[39m[33m
Available on:[39m
[32m  http://10.50.10.44:8080[39m
[32m  http://127.0.0.1:8080[39m
Hit CTRL-C to stop the server
events.js:160
      throw er; // Unhandled 'error' event
      ^

Error: EPERM: operation not permitted, read
    at Error (native)
[33mStarting up http-server, serving [39m[36m./demo-app[39m[33m
Available on:[39m
[32m  http://10.50.10.44:8080[39m
[32m  http://127.0.0.1:8080[39m
Hit CTRL-C to stop the server
events.js:160
      throw er; // Unhandled 'error' event
      ^

Error: EPERM: operation not permitted, read
    at Error (native)
[33mStarting up http-server, serving [39m[36m./demo-app[39m[33m
Available on:[39m
[32m  http://10.50.10.44:8080[39m
[32m  http://127.0.0.1:8080[39m
Hit CTRL-C to stop the server
events.js:160
      throw er; // Unhandled 'error' event
      ^

Error: EPERM: operation not permitted, read
    at Error (native)
[33mStarting up http-server, serving [39m[36m./demo-app[39m[33m
Available on:[39m
[32m  http://10.50.10.44:8080[39m
[32m  http://127.0.0.1:8080[39m
Hit CTRL-C to stop the server
events.js:160
      throw er; // Unhandled 'error' event
      ^

Error: EPERM: operation not permitted, read
    at Error (native)
